{"level":"warn","message":"Ruta: /angeli.com - Metodo: GET - Ruta inexistente."}
{"level":"warn","message":"Ruta: /angeli.com - Metodo: GET - Ruta inexistente."}
{"level":"warn","message":"User with japoss2020.2@gmail.com not found."}
{"level":"warn","message":"Ruta: /angeli.com - Metodo: GET - Ruta inexistente."}
{"level":"warn","message":"Ruta: /angeli.com - Metodo: GET - Ruta inexistente."}
{"level":"warn","message":"Ruta: /angeli.com - Metodo: GET - Ruta inexistente."}
{"level":"warn","message":"Ruta: /angeli.com - Metodo: GET - Ruta inexistente."}
{"level":"warn","message":"Ruta: /angeli.com - Metodo: GET - Ruta inexistente."}
{"level":"warn","message":"Ruta: /angeli.com - Metodo: GET - Ruta inexistente."}
{"level":"warn","message":"Ruta: /angeli.com - Metodo: GET - Ruta inexistente."}
{"level":"warn","message":"Ruta: /angeli.com - Metodo: GET - Ruta inexistente."}
{"level":"warn","message":"Ruta: /angeli.com - Metodo: GET - Ruta inexistente."}
{"level":"warn","message":"Ruta: /angeli.com - Metodo: GET - Ruta inexistente."}
{"level":"warn","message":"Ruta: /angeli.com - Metodo: GET - Ruta inexistente."}
{"level":"warn","message":"Ruta: /angeli.com - Metodo: GET - Ruta inexistente."}
{"level":"warn","message":"Ruta: /angeli.com - Metodo: GET - Ruta inexistente."}
{"level":"warn","message":"Ruta: /angeli.com - Metodo: GET - Ruta inexistente."}
{"level":"warn","message":"Ruta: /angeli.com - Metodo: GET - Ruta inexistente."}
{"level":"warn","message":"Ruta: /angeli.com - Metodo: GET - Ruta inexistente."}
{"level":"warn","message":"Ruta: /angeli.com - Metodo: GET - Ruta inexistente."}
{"level":"warn","message":"Ruta: /angeli.com - Metodo: GET - Ruta inexistente."}
{"level":"warn","message":"Ruta: /angeli.com - Metodo: GET - Ruta inexistente."}
{"level":"warn","message":"Ruta: /angeli.com - Metodo: GET - Ruta inexistente."}
{"level":"warn","message":"Ruta: /angeli.com - Metodo: GET - Ruta inexistente."}
{"level":"warn","message":"Ruta: /angeli.com - Metodo: GET - Ruta inexistente."}
{"level":"warn","message":"Ruta: /angeli.com - Metodo: GET - Ruta inexistente."}
{"level":"warn","message":"Ruta: /angeli.com - Metodo: GET - Ruta inexistente."}
{"level":"warn","message":"Ruta: /angeli.com - Metodo: GET - Ruta inexistente."}
{"level":"warn","message":"Ruta: /angeli.com - Metodo: GET - Ruta inexistente."}
{"level":"warn","message":"Ruta: /angeli.com - Metodo: GET - Ruta inexistente."}
{"level":"warn","message":"Ruta: /angeli.com - Metodo: GET - Ruta inexistente."}
{"level":"warn","message":"Ruta: /angeli.com - Metodo: GET - Ruta inexistente."}
{"level":"warn","message":"Ruta: /angeli.com - Metodo: GET - Ruta inexistente."}
{"level":"warn","message":"Ruta: /angeli.com - Metodo: GET - Ruta inexistente."}
{"level":"warn","message":"Ruta: /angeli.com - Metodo: GET - Ruta inexistente."}
{"level":"warn","message":"Ruta: /angeli.com - Metodo: GET - Ruta inexistente."}
{"level":"warn","message":"Ruta: /angeli.com - Metodo: GET - Ruta inexistente."}
{"level":"warn","message":"Ruta: /angeli.com - Metodo: GET - Ruta inexistente."}
{"level":"warn","message":"Ruta: /angeli.com - Metodo: GET - Ruta inexistente."}
{"level":"warn","message":"Ruta: /angeli.com - Metodo: GET - Ruta inexistente."}
{"level":"warn","message":"Ruta: /public/javascript/carrito.js - Metodo: GET - Ruta inexistente."}
{"level":"warn","message":"Ruta: /angeli.com - Metodo: GET - Ruta inexistente."}
{"level":"warn","message":"Ruta: /angeli.com - Metodo: GET - Ruta inexistente."}
{"level":"warn","message":"Ruta: /angeli.com - Metodo: GET - Ruta inexistente."}
{"level":"warn","message":"Ruta: /angeli.com - Metodo: GET - Ruta inexistente."}
{"level":"warn","message":"Ruta: /angeli.com - Metodo: GET - Ruta inexistente."}
{"level":"warn","message":"Ruta: /angeli.com - Metodo: GET - Ruta inexistente."}
{"level":"warn","message":"Ruta: /angeli.com - Metodo: GET - Ruta inexistente."}
{"level":"warn","message":"Ruta: /angeli.com - Metodo: GET - Ruta inexistente."}
{"level":"warn","message":"Ruta: /angeli.com - Metodo: GET - Ruta inexistente."}
{"level":"warn","message":"Ruta: /angeli.com - Metodo: GET - Ruta inexistente."}
{"level":"warn","message":"Ruta: /angeli.com - Metodo: GET - Ruta inexistente."}
{"level":"warn","message":"Ruta: /angeli.com - Metodo: GET - Ruta inexistente."}
{"level":"warn","message":"Ruta: /angeli.com - Metodo: GET - Ruta inexistente."}
{"level":"warn","message":"Ruta: /angeli.com - Metodo: GET - Ruta inexistente."}
{"level":"warn","message":"Ruta: /angeli.com - Metodo: GET - Ruta inexistente."}
{"level":"warn","message":"Ruta: /angeli.com - Metodo: GET - Ruta inexistente."}
{"level":"warn","message":"Ruta: /angeli.com - Metodo: GET - Ruta inexistente."}
{"level":"warn","message":"Ruta: /angeli.com - Metodo: GET - Ruta inexistente."}
{"level":"warn","message":"Ruta: /angeli.com - Metodo: GET - Ruta inexistente."}
{"level":"warn","message":"Ruta: /angeli.com - Metodo: GET - Ruta inexistente."}
{"level":"warn","message":"Ruta: /undefined - Metodo: GET - Ruta inexistente."}
{"level":"error","message":"[deleteProductByUser] CarritosDaosMongoDb"}
{"level":"warn","message":"Ruta: /undefined - Metodo: GET - Ruta inexistente."}
{"level":"warn","message":"Ruta: /undefined - Metodo: GET - Ruta inexistente."}
{"level":"warn","message":"User with correo@correo.com not found."}
{"level":"warn","message":"User with correo@correo.com not found."}
{"level":"warn","message":"User with afk0393@gmail.com not found."}
{"level":"warn","message":"User with correo@correo.com not found."}
