{"level":"error","message":"error en el servidor Error: listen EADDRINUSE: address already in use :::8099","timestamp":"2023-02-09 16:58:51"}
{"level":"warn","message":"Ruta: /img/favicon.png - Metodo: GET - Ruta inexistente.","timestamp":"2023-02-09 17:00:31"}
{"level":"warn","message":"Invalid Password","timestamp":"2023-02-09 17:00:45"}
{"level":"error","message":"error en el servidor Error: listen EADDRINUSE: address already in use :::8099","timestamp":"2023-02-15 17:59:20"}
{"level":"error","message":"[connect] ContenedorMongoDb, The `uri` parameter to `openUri()` must be a string, got \"undefined\". Make sure the first parameter to `mongoose.connect()` or `mongoose.createConnection()` is a string.","timestamp":"2023-02-15 18:02:54"}
{"level":"error","message":"[connect] ContenedorMongoDb, The `uri` parameter to `openUri()` must be a string, got \"undefined\". Make sure the first parameter to `mongoose.connect()` or `mongoose.createConnection()` is a string.","timestamp":"2023-02-15 18:02:54"}
{"level":"error","message":"[getById] ContenedorMongoDb, Cast to ObjectId failed for value \"undefined\" (type string) at path \"_id\" for model \"Producto\"","timestamp":"2023-02-15 18:02:58"}
{"level":"error","message":"[postItem] ContenedorMongoDb, Operation `productos.insertOne()` buffering timed out after 10000ms","timestamp":"2023-02-15 18:03:06"}
{"level":"error","message":"[putItem] ContenedorMongoDb, Operation `productos.updateOne()` buffering timed out after 10000ms","timestamp":"2023-02-15 18:03:10"}
{"level":"error","message":"[connect] ContenedorMongoDb, The `uri` parameter to `openUri()` must be a string, got \"undefined\". Make sure the first parameter to `mongoose.connect()` or `mongoose.createConnection()` is a string.","timestamp":"2023-02-15 18:05:30"}
{"level":"error","message":"[connect] ContenedorMongoDb, The `uri` parameter to `openUri()` must be a string, got \"undefined\". Make sure the first parameter to `mongoose.connect()` or `mongoose.createConnection()` is a string.","timestamp":"2023-02-15 18:05:30"}
{"level":"error","message":"[getById] ContenedorMongoDb, Cast to ObjectId failed for value \"undefined\" (type string) at path \"_id\" for model \"Producto\"","timestamp":"2023-02-15 18:05:34"}
{"level":"error","message":"[postItem] ContenedorMongoDb, Operation `productos.insertOne()` buffering timed out after 10000ms","timestamp":"2023-02-15 18:05:42"}
{"level":"error","message":"[putItem] ContenedorMongoDb, Operation `productos.updateOne()` buffering timed out after 10000ms","timestamp":"2023-02-15 18:05:46"}
{"level":"error","message":"error en el servidor Error: listen EADDRINUSE: address already in use :::8080","timestamp":"2023-02-15 18:06:39"}
{"level":"error","message":"[connect] ContenedorMongoDb, The `uri` parameter to `openUri()` must be a string, got \"undefined\". Make sure the first parameter to `mongoose.connect()` or `mongoose.createConnection()` is a string.","timestamp":"2023-02-15 18:07:09"}
{"level":"error","message":"[connect] ContenedorMongoDb, The `uri` parameter to `openUri()` must be a string, got \"undefined\". Make sure the first parameter to `mongoose.connect()` or `mongoose.createConnection()` is a string.","timestamp":"2023-02-15 18:07:09"}
{"level":"error","message":"[getById] ContenedorMongoDb, Cast to ObjectId failed for value \"undefined\" (type string) at path \"_id\" for model \"Producto\"","timestamp":"2023-02-15 18:07:14"}
{"level":"error","message":"[postItem] ContenedorMongoDb, Operation `productos.insertOne()` buffering timed out after 10000ms","timestamp":"2023-02-15 18:07:22"}
{"level":"error","message":"[putItem] ContenedorMongoDb, Operation `productos.updateOne()` buffering timed out after 10000ms","timestamp":"2023-02-15 18:07:26"}
{"level":"error","message":"[connect] ContenedorMongoDb, The `uri` parameter to `openUri()` must be a string, got \"undefined\". Make sure the first parameter to `mongoose.connect()` or `mongoose.createConnection()` is a string.","timestamp":"2023-02-15 18:11:18"}
{"level":"error","message":"[connect] ContenedorMongoDb, The `uri` parameter to `openUri()` must be a string, got \"undefined\". Make sure the first parameter to `mongoose.connect()` or `mongoose.createConnection()` is a string.","timestamp":"2023-02-15 18:11:18"}
{"level":"error","message":"[getById] ContenedorMongoDb, Cast to ObjectId failed for value \"undefined\" (type string) at path \"_id\" for model \"Producto\"","timestamp":"2023-02-15 18:11:22"}
{"level":"error","message":"[postItem] ContenedorMongoDb, Operation `productos.insertOne()` buffering timed out after 10000ms","timestamp":"2023-02-15 18:11:30"}
{"level":"error","message":"[putItem] ContenedorMongoDb, Operation `productos.updateOne()` buffering timed out after 10000ms","timestamp":"2023-02-15 18:11:34"}
{"level":"error","message":"[connect] ContenedorMongoDb, The `uri` parameter to `openUri()` must be a string, got \"undefined\". Make sure the first parameter to `mongoose.connect()` or `mongoose.createConnection()` is a string.","timestamp":"2023-02-15 18:12:17"}
{"level":"error","message":"[connect] ContenedorMongoDb, The `uri` parameter to `openUri()` must be a string, got \"undefined\". Make sure the first parameter to `mongoose.connect()` or `mongoose.createConnection()` is a string.","timestamp":"2023-02-15 18:12:17"}
{"level":"error","message":"[getById] ContenedorMongoDb, Cast to ObjectId failed for value \"undefined\" (type string) at path \"_id\" for model \"Producto\"","timestamp":"2023-02-15 18:12:21"}
{"level":"error","message":"[postItem] ContenedorMongoDb, Operation `productos.insertOne()` buffering timed out after 10000ms","timestamp":"2023-02-15 18:12:29"}
{"level":"warn","message":"Ruta: / - Metodo: GET - Ruta inexistente.","timestamp":"2023-02-22 14:04:33"}
